<?xml version="1.0" encoding="UTF-8"?>
<!-- Generated by org.testng.reporters.JUnitReportReporter -->
<testsuite hostname="iMacalkhasblmy" name="lama.SeleniumHandsonAssessment.CaptureTooltip" tests="1" failures="0" timestamp="7 Dec 2022 17:18:22 GMT" time="7.139" errors="0">
  <testcase name="TC_01" time="7.139" classname="lama.SeleniumHandsonAssessment.CaptureTooltip"/>
</testsuite> <!-- lama.SeleniumHandsonAssessment.CaptureTooltip -->
