<?xml version="1.0" encoding="UTF-8"?>
<!-- Generated by org.testng.reporters.JUnitReportReporter -->
<testsuite hostname="iMacalkhasblmy" name="lama.SeleniumHandsonAssessment.HandleAuthenticatedpopups" tests="1" failures="0" timestamp="7 Dec 2022 20:23:20 GMT" time="11.954" errors="0">
  <testcase name="TC_01" time="11.954" classname="lama.SeleniumHandsonAssessment.HandleAuthenticatedpopups"/>
</testsuite> <!-- lama.SeleniumHandsonAssessment.HandleAuthenticatedpopups -->
