<?xml version="1.0" encoding="UTF-8"?>
<!-- Generated by org.testng.reporters.JUnitReportReporter -->
<testsuite hostname="iMacalkhasblmy" name="lama.SeleniumHandsonAssessment.HandleMultipleFrames" tests="1" failures="0" timestamp="7 Dec 2022 21:27:22 GMT" time="10.373" errors="0">
  <testcase name="TC_01" time="10.373" classname="lama.SeleniumHandsonAssessment.HandleMultipleFrames"/>
</testsuite> <!-- lama.SeleniumHandsonAssessment.HandleMultipleFrames -->
