<?xml version="1.0" encoding="UTF-8"?>
<!-- Generated by org.testng.reporters.JUnitReportReporter -->
<testsuite hostname="iMacalkhasblmy" failures="0" tests="1" name="lama.SeleniumHandsonAssessment.GooglePlace" time="15.816" errors="0" timestamp="7 Dec 2022 15:37:29 GMT">
  <testcase classname="lama.SeleniumHandsonAssessment.GooglePlace" name="TC_01" time="15.816"/>
</testsuite> <!-- lama.SeleniumHandsonAssessment.GooglePlace -->
