<?xml version="1.0" encoding="UTF-8"?>
<!-- Generated by org.testng.reporters.JUnitReportReporter -->
<testsuite hostname="iMacalkhasblmy" name="lama.SeleniumHandsonAssessment.AutoSuggestDropdown" tests="1" failures="0" timestamp="8 Dec 2022 03:17:35 GMT" time="15.631" errors="0">
  <testcase name="TC_01" time="15.631" classname="lama.SeleniumHandsonAssessment.AutoSuggestDropdown"/>
</testsuite> <!-- lama.SeleniumHandsonAssessment.AutoSuggestDropdown -->
