<?xml version="1.0" encoding="UTF-8"?>
<!-- Generated by org.testng.reporters.JUnitReportReporter -->
<testsuite hostname="iMacalkhasblmy" name="lama.SeleniumHandsonAssessment.DropdownSorting" tests="1" failures="0" timestamp="7 Dec 2022 16:28:11 GMT" time="18.138" errors="0">
  <testcase name="TC_01" time="18.138" classname="lama.SeleniumHandsonAssessment.DropdownSorting"/>
</testsuite> <!-- lama.SeleniumHandsonAssessment.DropdownSorting -->
