<?xml version="1.0" encoding="UTF-8"?>
<!-- Generated by org.testng.reporters.JUnitReportReporter -->
<testsuite hostname="iMacalkhasblmy" name="lama.SeleniumHandsonAssessment.DatePicker" tests="1" failures="0" timestamp="7 Dec 2022 21:13:23 GMT" time="18.469" errors="0">
  <testcase name="TC_01" time="18.469" classname="lama.SeleniumHandsonAssessment.DatePicker"/>
</testsuite> <!-- lama.SeleniumHandsonAssessment.DatePicker -->
